<?xml version="1.0" encoding="UTF-8"?>
<!-- Generated by org.testng.reporters.JUnitXMLReporter -->
<testsuite ignored="0" hostname="DESKTOP-270JFJI" failures="0" tests="3" name="Test" time="17.584" errors="0" timestamp="2024-04-21T15:56:07 CDT">
  <testcase classname="scenarios.CheckBoxandRadioBtns" name="handlingChkBoxRadBtns" time="10.915"/>
  <testcase classname="scenarios.MouseActions" name="draAnddrop" time="2.583"/>
  <testcase classname="scenarios.SwitchWindows" name="switchWin" time="4.044"/>
</testsuite> <!-- Test -->
