<?xml version="1.0" encoding="UTF-8"?>
<testng-results ignored="0" total="3" passed="3" failed="0" skipped="0">
  <reporter-output>
  </reporter-output>
  <suite started-at="2024-04-21T15:55:50 CDT" name="Suite" finished-at="2024-04-21T15:56:07 CDT" duration-ms="17584">
    <groups>
    </groups>
    <test started-at="2024-04-21T15:55:50 CDT" name="Test" finished-at="2024-04-21T15:56:07 CDT" duration-ms="17584">
      <class name="scenarios.CheckBoxandRadioBtns">
        <test-method signature="handlingChkBoxRadBtns()[pri:0, instance:scenarios.CheckBoxandRadioBtns@7f010382]" started-at="2024-04-21T15:55:50 CDT" name="handlingChkBoxRadBtns" finished-at="2024-04-21T15:56:01 CDT" duration-ms="10915" status="PASS">
          <reporter-output>
          </reporter-output>
        </test-method> <!-- handlingChkBoxRadBtns -->
      </class> <!-- scenarios.CheckBoxandRadioBtns -->
      <class name="scenarios.MouseActions">
        <test-method signature="draAnddrop()[pri:0, instance:scenarios.MouseActions@56528192]" started-at="2024-04-21T15:56:01 CDT" name="draAnddrop" finished-at="2024-04-21T15:56:03 CDT" duration-ms="2583" status="PASS">
          <reporter-output>
          </reporter-output>
        </test-method> <!-- draAnddrop -->
      </class> <!-- scenarios.MouseActions -->
      <class name="scenarios.SwitchWindows">
        <test-method signature="switchWin()[pri:0, instance:scenarios.SwitchWindows@6e0dec4a]" started-at="2024-04-21T15:56:03 CDT" name="switchWin" finished-at="2024-04-21T15:56:07 CDT" duration-ms="4044" status="PASS">
          <reporter-output>
          </reporter-output>
        </test-method> <!-- switchWin -->
      </class> <!-- scenarios.SwitchWindows -->
    </test> <!-- Test -->
  </suite> <!-- Suite -->
</testng-results>
